#
# There is insufficient memory for the Java Runtime Environment to continue.
# Native memory allocation (mmap) failed to map 134217728 bytes for G1 virtual space
# Possible reasons:
#   The system is out of physical RAM or swap space
#   The process is running with CompressedOops enabled, and the Java Heap may be blocking the growth of the native heap
# Possible solutions:
#   Reduce memory load on the system
#   Increase physical memory or swap space
#   Check if swap backing store is full
#   Decrease Java heap size (-Xmx/-Xms)
#   Decrease number of Java threads
#   Decrease Java thread stack sizes (-Xss)
#   Set larger code cache with -XX:ReservedCodeCacheSize=
#   JVM is running with Unscaled Compressed Oops mode in which the Java heap is
#     placed in the first 4GB address space. The Java Heap base address is the
#     maximum limit for the native heap growth. Please use -XX:HeapBaseMinAddress
#     to set the Java Heap base and to place the Java Heap above 4GB virtual address.
# This output file may be truncated or incomplete.
#
#  Out of Memory Error (./open/src/hotspot/os/windows/os_windows.cpp:3472), pid=4660, tid=15432
#
# JRE version:  (15.0.1+9) (build )
# Java VM: Java HotSpot(TM) 64-Bit Server VM (15.0.1+9-18, mixed mode, sharing, tiered, compressed oops, g1 gc, windows-amd64)
# No core dump will be written. Minidumps are not enabled by default on client versions of Windows
#

---------------  S U M M A R Y ------------

Command Line: C:\Users\Barrie\AppData\Local\Temp\surefire13041933077202910148\surefirebooter5249001155340142162.jar C:\Users\Barrie\AppData\Local\Temp\surefire13041933077202910148 2021-02-05T11-15-28_766-jvmRun1 surefire7073744002959227962tmp surefire_014650503223281207783tmp

Host: Intel(R) Core(TM) i5-9300H CPU @ 2.40GHz, 8 cores, 7G,  Windows 10 , 64 bit Build 19041 (10.0.19041.662)
Time: Fri Feb  5 11:15:29 2021 Malay Peninsula Standard Time elapsed time: 0.014266 seconds (0d 0h 0m 0s)

---------------  T H R E A D  ---------------

Current thread (0x000002716d482f30):  JavaThread "Unknown thread" [_thread_in_vm, id=15432, stack(0x00000073d0a00000,0x00000073d0b00000)]

Stack: [0x00000073d0a00000,0x00000073d0b00000]
Native frames: (J=compiled Java code, j=interpreted, Vv=VM code, C=native code)
V  [jvm.dll+0x62ae9a]
V  [jvm.dll+0x781389]
V  [jvm.dll+0x782ae3]
V  [jvm.dll+0x783143]
V  [jvm.dll+0x216265]
V  [jvm.dll+0x6281d9]
V  [jvm.dll+0x61cd15]
V  [jvm.dll+0x2d01fd]
V  [jvm.dll+0x2d0062]
V  [jvm.dll+0x2d603c]
V  [jvm.dll+0x325b2a]
V  [jvm.dll+0x3251f4]
V  [jvm.dll+0x2a717a]
V  [jvm.dll+0x2a8318]
V  [jvm.dll+0x75e101]
V  [jvm.dll+0x3343e4]
V  [jvm.dll+0x73e826]
V  [jvm.dll+0x3b7777]
V  [jvm.dll+0x3b9201]
C  [jli.dll+0x52fb]
C  [ucrtbase.dll+0x214c2]
C  [KERNEL32.DLL+0x17034]
C  [ntdll.dll+0x4d0d1]


---------------  P R O C E S S  ---------------

Threads class SMR info:
_java_thread_list=0x00007ff8bd144ff0, length=0, elements={
}

Java Threads: ( => current thread )

Other Threads:
  0x000002716d4c2f70 GCTaskThread "GC Thread#0" [stack: 0x00000073d0b00000,0x00000073d0c00000] [id=15032]
  0x000002716d4d3b50 ConcurrentGCThread "G1 Main Marker" [stack: 0x00000073d0c00000,0x00000073d0d00000] [id=11592]
  0x000002716d4d4cf0 ConcurrentGCThread "G1 Conc#0" [stack: 0x00000073d0d00000,0x00000073d0e00000] [id=19028]

[error occurred during error reporting (printing all threads), id 0xc0000005, EXCEPTION_ACCESS_VIOLATION (0xc0000005) at pc=0x00007ff8bc938047]

VM state: not at safepoint (not fully initialized)

VM Mutex/Monitor currently owned by a thread:  ([mutex/lock_event])
[0x000002716d47da80] Heap_lock - owner thread: 0x000002716d482f30

Heap address: 0x0000000081c00000, size: 2020 MB, Compressed Oops mode: 32-bit
CDS archive(s) mapped at: [0x0000000000000000-0x0000000000000000-0x0000000000000000), size 0, SharedBaseAddress: 0x0000000800000000, ArchiveRelocationMode: 0.
Narrow klass base: 0x0000000000000000, Narrow klass shift: 0, Narrow klass range: 0x0

Heap:
 garbage-first heap   total 131072K, used 0K [0x0000000081c00000, 0x0000000100000000)
  region size 1024K, 0 young (0K), 0 survivors (0K)
 Metaspace       used 0K, capacity 0K, committed 0K, reserved 0K
  class space    used 0K, capacity 0K, committed 0K, reserved 0K

Heap Regions: E=young(eden), S=young(survivor), O=old, HS=humongous(starts), HC=humongous(continues), CS=collection set, F=free, OA=open archive, CA=closed archive, TAMS=top-at-mark-start (previous, next)

Card table byte_map: [0x0000027175df0000,0x00000271761f0000] _byte_map_base: 0x00000271759e2000

Marking Bits (Prev, Next): (CMBitMap*) 0x000002716d4c3570, (CMBitMap*) 0x000002716d4c35b0
 Prev Bits: [0x00000271765f0000, 0x0000027178580000)
 Next Bits: [0x0000027178580000, 0x000002717a510000)

GC Heap History (0 events):
No events

Deoptimization events (0 events):
No events

Classes unloaded (0 events):
No events

Classes redefined (0 events):
No events

Internal exceptions (0 events):
No events

Events (1 events):
Event: 0.005 Loaded shared library C:\Program Files\Java\jdk-15.0.1\bin\java.dll


Dynamic libraries:
0x00007ff6e2c60000 - 0x00007ff6e2c6f000 	C:\Program Files\Java\jdk-15.0.1\bin\java.exe
0x00007ff905bb0000 - 0x00007ff905da6000 	C:\Windows\SYSTEM32\ntdll.dll
0x00007ff905a60000 - 0x00007ff905b1d000 	C:\Windows\System32\KERNEL32.DLL
0x00007ff903420000 - 0x00007ff9036e9000 	C:\Windows\System32\KERNELBASE.dll
0x00007ff9032c0000 - 0x00007ff9033c0000 	C:\Windows\System32\ucrtbase.dll
0x00007ff8e50c0000 - 0x00007ff8e50d8000 	C:\Program Files\Java\jdk-15.0.1\bin\jli.dll
0x00007ff8e31e0000 - 0x00007ff8e31f9000 	C:\Program Files\Java\jdk-15.0.1\bin\VCRUNTIME140.dll
0x00007ff903d10000 - 0x00007ff903dbc000 	C:\Windows\System32\ADVAPI32.dll
0x00007ff9059c0000 - 0x00007ff905a5e000 	C:\Windows\System32\msvcrt.dll
0x00007ff905920000 - 0x00007ff9059bc000 	C:\Windows\System32\sechost.dll
0x00007ff9057f0000 - 0x00007ff90591b000 	C:\Windows\System32\RPCRT4.dll
0x00007ff9041d0000 - 0x00007ff904370000 	C:\Windows\System32\USER32.dll
0x00007ff9037f0000 - 0x00007ff903812000 	C:\Windows\System32\win32u.dll
0x00007ff8f0da0000 - 0x00007ff8f103b000 	C:\Windows\WinSxS\amd64_microsoft.windows.common-controls_6595b64144ccf1df_6.0.19041.746_none_ca02b4b61b8320a4\COMCTL32.dll
0x00007ff9043c0000 - 0x00007ff9043ea000 	C:\Windows\System32\GDI32.dll
0x00007ff903ad0000 - 0x00007ff903bdb000 	C:\Windows\System32\gdi32full.dll
0x00007ff903820000 - 0x00007ff9038bd000 	C:\Windows\System32\msvcp_win.dll
0x00007ff8fb330000 - 0x00007ff8fb33a000 	C:\Windows\SYSTEM32\VERSION.dll
0x00007ff904390000 - 0x00007ff9043c0000 	C:\Windows\System32\IMM32.DLL
0x00007ff8edb00000 - 0x00007ff8edb0c000 	C:\Program Files\Java\jdk-15.0.1\bin\vcruntime140_1.dll
0x00007ff8d6c90000 - 0x00007ff8d6d21000 	C:\Program Files\Java\jdk-15.0.1\bin\msvcp140.dll
0x00007ff8bc680000 - 0x00007ff8bd1de000 	C:\Program Files\Java\jdk-15.0.1\bin\server\jvm.dll
0x00007ff905b20000 - 0x00007ff905b28000 	C:\Windows\System32\PSAPI.DLL
0x00007ff8edbb0000 - 0x00007ff8edbb9000 	C:\Windows\SYSTEM32\WSOCK32.dll
0x00007ff8f39c0000 - 0x00007ff8f39e7000 	C:\Windows\SYSTEM32\WINMM.dll
0x00007ff904d60000 - 0x00007ff904dcb000 	C:\Windows\System32\WS2_32.dll
0x00007ff901ba0000 - 0x00007ff901bb2000 	C:\Windows\SYSTEM32\kernel.appcore.dll
0x00007ff8eb6d0000 - 0x00007ff8eb6da000 	C:\Program Files\Java\jdk-15.0.1\bin\jimage.dll
0x00007ff901120000 - 0x00007ff901304000 	C:\Windows\SYSTEM32\DBGHELP.DLL
0x00007ff8ee510000 - 0x00007ff8ee53c000 	C:\Windows\SYSTEM32\dbgcore.DLL
0x00007ff9036f0000 - 0x00007ff903770000 	C:\Windows\System32\bcryptPrimitives.dll
0x00007ff8e1ce0000 - 0x00007ff8e1d05000 	C:\Program Files\Java\jdk-15.0.1\bin\java.dll

dbghelp: loaded successfully - version: 4.0.5 - missing functions: none
symbol engine: initialized successfully - sym options: 0x614 - pdb path: .;C:\Program Files\Java\jdk-15.0.1\bin;C:\Windows\SYSTEM32;C:\Windows\WinSxS\amd64_microsoft.windows.common-controls_6595b64144ccf1df_6.0.19041.746_none_ca02b4b61b8320a4;C:\Program Files\Java\jdk-15.0.1\bin\server

VM Arguments:
java_command: C:\Users\Barrie\AppData\Local\Temp\surefire13041933077202910148\surefirebooter5249001155340142162.jar C:\Users\Barrie\AppData\Local\Temp\surefire13041933077202910148 2021-02-05T11-15-28_766-jvmRun1 surefire7073744002959227962tmp surefire_014650503223281207783tmp
java_class_path (initial): C:\Users\Barrie\AppData\Local\Temp\surefire13041933077202910148\surefirebooter5249001155340142162.jar
Launcher Type: SUN_STANDARD

[Global flags]
     intx CICompilerCount                          = 4                                         {product} {ergonomic}
     uint ConcGCThreads                            = 2                                         {product} {ergonomic}
     uint G1ConcRefinementThreads                  = 8                                         {product} {ergonomic}
   size_t G1HeapRegionSize                         = 1048576                                   {product} {ergonomic}
    uintx GCDrainStackTargetSize                   = 64                                        {product} {ergonomic}
   size_t InitialHeapSize                          = 134217728                                 {product} {ergonomic}
   size_t MarkStackSize                            = 4194304                                   {product} {ergonomic}
   size_t MaxHeapSize                              = 2118123520                                {product} {ergonomic}
   size_t MinHeapDeltaBytes                        = 1048576                                   {product} {ergonomic}
   size_t MinHeapSize                              = 8388608                                   {product} {ergonomic}
    uintx NonNMethodCodeHeapSize                   = 5839372                                {pd product} {ergonomic}
    uintx NonProfiledCodeHeapSize                  = 122909434                              {pd product} {ergonomic}
    uintx ProfiledCodeHeapSize                     = 122909434                              {pd product} {ergonomic}
    uintx ReservedCodeCacheSize                    = 251658240                              {pd product} {ergonomic}
     bool SegmentedCodeCache                       = true                                      {product} {ergonomic}
   size_t SoftMaxHeapSize                          = 2118123520                             {manageable} {ergonomic}
     bool UseCompressedClassPointers               = true                                 {lp64_product} {ergonomic}
     bool UseCompressedOops                        = true                                 {lp64_product} {ergonomic}
     bool UseG1GC                                  = true                                      {product} {ergonomic}
     bool UseLargePagesIndividualAllocation        = false                                  {pd product} {ergonomic}

Logging:
Log output configuration:
 #0: stdout all=warning uptime,level,tags
 #1: stderr all=off uptime,level,tags

Environment Variables:
JAVA_HOME=C:\Program Files\Java\jdk-15.0.1
PATH=C:\Windows\system32;C:\Windows;C:\Windows\System32\Wbem;C:\Windows\System32\WindowsPowerShell\v1.0\;C:\Windows\System32\OpenSSH\;C:\Program Files (x86)\NVIDIA Corporation\PhysX\Common;C:\Program Files\NVIDIA Corporation\NVIDIA NvDLISR;C:\Users\Barrie\Desktop\apache-maven-3.6.3\bin;D:\Git\cmd;C:\Program Files\Java\jdk-15.0.1\bin;C:\Users\Barrie\Desktop\apache-maven-3.6.3\bin
USERNAME=Barrie
OS=Windows_NT
PROCESSOR_IDENTIFIER=Intel64 Family 6 Model 158 Stepping 10, GenuineIntel



---------------  S Y S T E M  ---------------

OS:
 Windows 10 , 64 bit Build 19041 (10.0.19041.662)
OS uptime: 4 days 3:42 hours

CPU: total 8 (initial active 8) (4 cores per cpu, 2 threads per core) family 6 model 158 stepping 10 microcode 0xde, cmov, cx8, fxsr, mmx, sse, sse2, sse3, ssse3, sse4.1, sse4.2, popcnt, vzeroupper, avx, avx2, aes, clmul, erms, 3dnowpref, lzcnt, ht, tsc, tscinvbit, bmi1, bmi2, adx, fma, clflush, clflushopt

Memory: 4k page, system-wide physical 8072M (471M free)
TotalPageFile size 23175M (AvailPageFile size 130M)
current process WorkingSet (physical memory assigned to process): 10M, peak: 10M
current process commit charge ("private bytes"): 60M, peak: 188M

vm_info: Java HotSpot(TM) 64-Bit Server VM (15.0.1+9-18) for windows-amd64 JRE (15.0.1+9-18), built on Sep 15 2020 14:43:54 by "mach5one" with unknown MS VC++:1925

END.
